{"/Applications/akshay-saini/src/component/ContactUs.js": {"path":"/Applications/akshay-saini/src/component/ContactUs.js","statementMap":{"0":{"start":{"line":4,"column":2},"end":{"line":11,"column":3}}},"fnMap":{"0":{"name":"ContactUs","decl":{"start":{"line":3,"column":9},"end":{"line":3,"column":18}},"loc":{"start":{"line":3,"column":21},"end":{"line":12,"column":1}},"line":3}},"branchMap":{},"s":{"0":4},"f":{"0":4},"b":{},"_coverageSchema":"1a1c01bbd47fc00a2c39e90264f33305004495a9","hash":"3f898bd22b2f352bb9f4466c06349139772ba702"}
,"/Applications/akshay-saini/src/component/Header.js": {"path":"/Applications/akshay-saini/src/component/Header.js","statementMap":{"0":{"start":{"line":8,"column":15},"end":{"line":52,"column":3}},"1":{"start":{"line":11,"column":34},"end":{"line":11,"column":51}},"2":{"start":{"line":12,"column":23},"end":{"line":12,"column":40}},"3":{"start":{"line":13,"column":25},"end":{"line":13,"column":48}},"4":{"start":{"line":14,"column":2},"end":{"line":14,"column":31}},"5":{"start":{"line":15,"column":12},"end":{"line":15,"column":48}},"6":{"start":{"line":15,"column":31},"end":{"line":15,"column":47}},"7":{"start":{"line":16,"column":2},"end":{"line":16,"column":16}},"8":{"start":{"line":18,"column":22},"end":{"line":26,"column":3}},"9":{"start":{"line":19,"column":4},"end":{"line":25,"column":5}},"10":{"start":{"line":20,"column":4},"end":{"line":20,"column":27}},"11":{"start":{"line":24,"column":6},"end":{"line":24,"column":28}},"12":{"start":{"line":27,"column":4},"end":{"line":51,"column":6}}},"fnMap":{"0":{"name":"(anonymous_0)","decl":{"start":{"line":8,"column":15},"end":{"line":8,"column":16}},"loc":{"start":{"line":8,"column":21},"end":{"line":52,"column":3}},"line":8},"1":{"name":"(anonymous_1)","decl":{"start":{"line":15,"column":24},"end":{"line":15,"column":25}},"loc":{"start":{"line":15,"column":31},"end":{"line":15,"column":47}},"line":15},"2":{"name":"(anonymous_2)","decl":{"start":{"line":18,"column":22},"end":{"line":18,"column":23}},"loc":{"start":{"line":18,"column":26},"end":{"line":26,"column":3}},"line":18}},"branchMap":{"0":{"loc":{"start":{"line":19,"column":4},"end":{"line":25,"column":5}},"type":"if","locations":[{"start":{"line":19,"column":4},"end":{"line":25,"column":5}},{"start":{"line":23,"column":9},"end":{"line":25,"column":5}}],"line":19},"1":{"loc":{"start":{"line":38,"column":11},"end":{"line":38,"column":49}},"type":"cond-expr","locations":[{"start":{"line":38,"column":25},"end":{"line":38,"column":36}},{"start":{"line":38,"column":38},"end":{"line":38,"column":49}}],"line":38}},"s":{"0":1,"1":5,"2":5,"3":5,"4":5,"5":5,"6":9,"7":5,"8":5,"9":1,"10":1,"11":0,"12":5},"f":{"0":5,"1":9,"2":1},"b":{"0":[1,0],"1":[5,0]},"_coverageSchema":"1a1c01bbd47fc00a2c39e90264f33305004495a9","hash":"fccca7d4672e4cf6a3a473939b1b480fe0284e35"}
,"/Applications/akshay-saini/src/component/Restrauntcard.js": {"path":"/Applications/akshay-saini/src/component/Restrauntcard.js","statementMap":{"0":{"start":{"line":5,"column":21},"end":{"line":5,"column":26}},"1":{"start":{"line":6,"column":59},"end":{"line":6,"column":71}},"2":{"start":{"line":8,"column":2},"end":{"line":19,"column":4}}},"fnMap":{"0":{"name":"Restrauntcard","decl":{"start":{"line":4,"column":9},"end":{"line":4,"column":22}},"loc":{"start":{"line":4,"column":30},"end":{"line":20,"column":1}},"line":4}},"branchMap":{},"s":{"0":0,"1":0,"2":0},"f":{"0":0},"b":{},"_coverageSchema":"1a1c01bbd47fc00a2c39e90264f33305004495a9","hash":"9892af4511ff6d933828cd692092b4bb787b114b"}
,"/Applications/akshay-saini/src/component/sum.js": {"path":"/Applications/akshay-saini/src/component/sum.js","statementMap":{"0":{"start":{"line":1,"column":12},"end":{"line":3,"column":3}},"1":{"start":{"line":2,"column":4},"end":{"line":2,"column":17}},"2":{"start":{"line":5,"column":2},"end":{"line":5,"column":23}}},"fnMap":{"0":{"name":"(anonymous_0)","decl":{"start":{"line":1,"column":12},"end":{"line":1,"column":13}},"loc":{"start":{"line":1,"column":22},"end":{"line":3,"column":3}},"line":1}},"branchMap":{},"s":{"0":1,"1":1,"2":1},"f":{"0":1},"b":{},"_coverageSchema":"1a1c01bbd47fc00a2c39e90264f33305004495a9","hash":"127394f55f5e1659bfc1c5daa526dcabcc603a3f"}
,"/Applications/akshay-saini/src/utils/UserContext.js": {"path":"/Applications/akshay-saini/src/utils/UserContext.js","statementMap":{"0":{"start":{"line":3,"column":20},"end":{"line":6,"column":2}}},"fnMap":{},"branchMap":{},"s":{"0":1},"f":{},"b":{},"_coverageSchema":"1a1c01bbd47fc00a2c39e90264f33305004495a9","hash":"4af1f5caecca55f5031e46a297327034ba8d678f"}
,"/Applications/akshay-saini/src/utils/cartSlice.js": {"path":"/Applications/akshay-saini/src/utils/cartSlice.js","statementMap":{"0":{"start":{"line":3,"column":18},"end":{"line":21,"column":3}},"1":{"start":{"line":10,"column":12},"end":{"line":10,"column":44}},"2":{"start":{"line":14,"column":12},"end":{"line":14,"column":43}},"3":{"start":{"line":17,"column":12},"end":{"line":17,"column":32}},"4":{"start":{"line":22,"column":44},"end":{"line":22,"column":61}}},"fnMap":{"0":{"name":"(anonymous_0)","decl":{"start":{"line":9,"column":16},"end":{"line":9,"column":17}},"loc":{"start":{"line":9,"column":32},"end":{"line":12,"column":9}},"line":9},"1":{"name":"(anonymous_1)","decl":{"start":{"line":13,"column":21},"end":{"line":13,"column":22}},"loc":{"start":{"line":13,"column":37},"end":{"line":15,"column":9}},"line":13},"2":{"name":"(anonymous_2)","decl":{"start":{"line":16,"column":18},"end":{"line":16,"column":19}},"loc":{"start":{"line":16,"column":27},"end":{"line":18,"column":9}},"line":16}},"branchMap":{},"s":{"0":1,"1":0,"2":0,"3":0,"4":1},"f":{"0":0,"1":0,"2":0},"b":{},"_coverageSchema":"1a1c01bbd47fc00a2c39e90264f33305004495a9","hash":"19a102743897b9b552dcb8e1280d33556f5223d1"}
,"/Applications/akshay-saini/src/utils/constant.js": {"path":"/Applications/akshay-saini/src/utils/constant.js","statementMap":{"0":{"start":{"line":1,"column":24},"end":{"line":1,"column":209}},"1":{"start":{"line":3,"column":24},"end":{"line":3,"column":107}},"2":{"start":{"line":4,"column":25},"end":{"line":4,"column":107}},"3":{"start":{"line":5,"column":23},"end":{"line":5,"column":146}},"4":{"start":{"line":6,"column":22},"end":{"line":6,"column":117}}},"fnMap":{},"branchMap":{},"s":{"0":2,"1":2,"2":2,"3":2,"4":2},"f":{},"b":{},"_coverageSchema":"1a1c01bbd47fc00a2c39e90264f33305004495a9","hash":"1cd584499d9c613c207fa8e264da04e540351aaf"}
,"/Applications/akshay-saini/src/utils/store.js": {"path":"/Applications/akshay-saini/src/utils/store.js","statementMap":{"0":{"start":{"line":3,"column":17},"end":{"line":9,"column":2}}},"fnMap":{},"branchMap":{},"s":{"0":1},"f":{},"b":{},"_coverageSchema":"1a1c01bbd47fc00a2c39e90264f33305004495a9","hash":"3ca75c24d566ceac6e07887bb6200f108b1ce4a6"}
,"/Applications/akshay-saini/src/utils/useOnlineStatus.js": {"path":"/Applications/akshay-saini/src/utils/useOnlineStatus.js","statementMap":{"0":{"start":{"line":4,"column":41},"end":{"line":4,"column":55}},"1":{"start":{"line":6,"column":4},"end":{"line":14,"column":9}},"2":{"start":{"line":8,"column":7},"end":{"line":10,"column":10}},"3":{"start":{"line":9,"column":8},"end":{"line":9,"column":30}},"4":{"start":{"line":11,"column":7},"end":{"line":13,"column":10}},"5":{"start":{"line":12,"column":8},"end":{"line":12,"column":29}},"6":{"start":{"line":16,"column":2},"end":{"line":16,"column":21}}},"fnMap":{"0":{"name":"useOnlineStatus","decl":{"start":{"line":3,"column":9},"end":{"line":3,"column":24}},"loc":{"start":{"line":3,"column":27},"end":{"line":17,"column":1}},"line":3},"1":{"name":"(anonymous_1)","decl":{"start":{"line":6,"column":14},"end":{"line":6,"column":15}},"loc":{"start":{"line":6,"column":18},"end":{"line":14,"column":5}},"line":6},"2":{"name":"(anonymous_2)","decl":{"start":{"line":8,"column":42},"end":{"line":8,"column":43}},"loc":{"start":{"line":8,"column":48},"end":{"line":10,"column":8}},"line":8},"3":{"name":"(anonymous_3)","decl":{"start":{"line":11,"column":41},"end":{"line":11,"column":42}},"loc":{"start":{"line":11,"column":47},"end":{"line":13,"column":8}},"line":11}},"branchMap":{},"s":{"0":5,"1":5,"2":4,"3":0,"4":4,"5":0,"6":5},"f":{"0":5,"1":4,"2":0,"3":0},"b":{},"_coverageSchema":"1a1c01bbd47fc00a2c39e90264f33305004495a9","hash":"d5e71bb9d85cfd8616f29afcdc0b9272c1658157"}
}
